<?xml version="1.0" encoding="UTF-8"?>
<!-- Generated by org.testng.reporters.JUnitXMLReporter -->
<testsuite hostname="Hardik-PC" name="Cleartrip" tests="5" failures="0" timestamp="24 Sep 2014 09:34:55 GMT" time="252.174" errors="0">
  <testcase name="URL_Opening" time="18.457" classname="Tests.Test1_Signing_in"/>
  <testcase name="left_right_button" time="26.21" classname="Tests.Test2_Button_Check"/>
  <testcase name="Hotel_Reviews" time="45.41" classname="Tests.Test3_Reviews"/>
  <testcase name="Currency" time="15.734" classname="Tests.Test4_Flights_Currency"/>
  <testcase name="Collections" time="146.342" classname="Tests.Test5_Verify_Collection_links"/>
</testsuite> <!-- Cleartrip -->
