<?xml version="1.0" encoding="UTF-8"?>
<!-- Generated by org.testng.reporters.JUnitXMLReporter -->
<testsuite hostname="Hardik-PC" name="Cleartrip" tests="5" failures="0" timestamp="24 Sep 2014 10:13:22 GMT" time="275.375" errors="0">
  <testcase name="URL_Opening" time="22.385" classname="Tests.Test1_Signing_in"/>
  <testcase name="left_right_button" time="27.131" classname="Tests.Test2_Button_Check"/>
  <testcase name="Hotel_Reviews" time="43.941" classname="Tests.Test3_Reviews"/>
  <testcase name="Currency" time="16.534" classname="Tests.Test4_Flights_Currency"/>
  <testcase name="Collections" time="165.346" classname="Tests.Test5_Verify_Collection_links"/>
</testsuite> <!-- Cleartrip -->
