<?xml version="1.0" encoding="UTF-8"?>
<testng-results skipped="0" failed="0" total="5" passed="5">
  <reporter-output>
    <line>
      <![CDATA[Test1_Signing_URL success]]>
    </line>
    <line>
      <![CDATA[Test2_Button_Check Success]]>
    </line>
    <line>
      <![CDATA[Test3_Hotel_Reviews success]]>
    </line>
    <line>
      <![CDATA[Test4_Flights_Currency success]]>
    </line>
    <line>
      <![CDATA[Test4_Collection_links success]]>
    </line>
  </reporter-output>
  <suite name="TestAll" duration-ms="275375" started-at="2014-09-24T10:08:46Z" finished-at="2014-09-24T10:13:22Z">
    <groups>
    </groups>
    <test name="Cleartrip" duration-ms="275375" started-at="2014-09-24T10:08:46Z" finished-at="2014-09-24T10:13:22Z">
      <class name="Tests.Test3_Reviews">
        <test-method status="PASS" signature="Hotel_Reviews()[pri:0, instance:Tests.Test3_Reviews@102c93e]" name="Hotel_Reviews" duration-ms="43941" started-at="2014-09-24T15:39:36Z" finished-at="2014-09-24T15:40:20Z">
          <reporter-output>
            <line>
              <![CDATA[Test3_Hotel_Reviews success]]>
            </line>
          </reporter-output>
        </test-method> <!-- Hotel_Reviews -->
      </class> <!-- Tests.Test3_Reviews -->
      <class name="Tests.Test5_Verify_Collection_links">
        <test-method status="PASS" signature="Collections()[pri:0, instance:Tests.Test5_Verify_Collection_links@3a2053]" name="Collections" duration-ms="165346" started-at="2014-09-24T15:40:36Z" finished-at="2014-09-24T15:43:22Z">
          <reporter-output>
            <line>
              <![CDATA[Test4_Collection_links success]]>
            </line>
          </reporter-output>
        </test-method> <!-- Collections -->
      </class> <!-- Tests.Test5_Verify_Collection_links -->
      <class name="Tests.Test4_Flights_Currency">
        <test-method status="PASS" signature="Currency()[pri:0, instance:Tests.Test4_Flights_Currency@97447e]" name="Currency" duration-ms="16534" started-at="2014-09-24T15:40:20Z" finished-at="2014-09-24T15:40:36Z">
          <reporter-output>
            <line>
              <![CDATA[Test4_Flights_Currency success]]>
            </line>
          </reporter-output>
        </test-method> <!-- Currency -->
      </class> <!-- Tests.Test4_Flights_Currency -->
      <class name="Tests.Test2_Button_Check">
        <test-method status="PASS" signature="Initialize()[pri:0, instance:Tests.Test2_Button_Check@2e983d]" name="Initialize" is-config="true" duration-ms="10112" started-at="2014-09-24T15:38:36Z" finished-at="2014-09-24T15:38:46Z">
          <reporter-output>
          </reporter-output>
        </test-method> <!-- Initialize -->
        <test-method status="PASS" signature="left_right_button()[pri:0, instance:Tests.Test2_Button_Check@2e983d]" name="left_right_button" duration-ms="27131" started-at="2014-09-24T15:39:09Z" finished-at="2014-09-24T15:39:36Z">
          <reporter-output>
            <line>
              <![CDATA[Test2_Button_Check Success]]>
            </line>
          </reporter-output>
        </test-method> <!-- left_right_button -->
        <test-method status="PASS" signature="afterSuite()[pri:0, instance:Tests.Test2_Button_Check@2e983d]" name="afterSuite" is-config="true" duration-ms="34" started-at="2014-09-24T15:43:22Z" finished-at="2014-09-24T15:43:22Z">
          <reporter-output>
          </reporter-output>
        </test-method> <!-- afterSuite -->
      </class> <!-- Tests.Test2_Button_Check -->
      <class name="Tests.Test1_Signing_in">
        <test-method status="PASS" signature="URL_Opening()[pri:0, instance:Tests.Test1_Signing_in@1ea310c]" name="URL_Opening" duration-ms="22385" started-at="2014-09-24T15:38:46Z" finished-at="2014-09-24T15:39:09Z">
          <reporter-output>
            <line>
              <![CDATA[Test1_Signing_URL success]]>
            </line>
          </reporter-output>
        </test-method> <!-- URL_Opening -->
      </class> <!-- Tests.Test1_Signing_in -->
    </test> <!-- Cleartrip -->
  </suite> <!-- TestAll -->
</testng-results>
