<?xml version="1.0" encoding="UTF-8"?>
<testng-results skipped="0" failed="0" total="5" passed="5">
  <reporter-output>
    <line>
      <![CDATA[Test1_Signing_URL success]]>
    </line>
    <line>
      <![CDATA[Test2_Button_Check Success]]>
    </line>
    <line>
      <![CDATA[Test3_Hotel_Reviews success]]>
    </line>
    <line>
      <![CDATA[Test4_Flights_Currency success]]>
    </line>
    <line>
      <![CDATA[Test4_Collection_links success]]>
    </line>
  </reporter-output>
  <suite name="TestAll" duration-ms="252174" started-at="2014-09-24T09:30:43Z" finished-at="2014-09-24T09:34:55Z">
    <groups>
    </groups>
    <test name="Cleartrip" duration-ms="252174" started-at="2014-09-24T09:30:43Z" finished-at="2014-09-24T09:34:55Z">
      <class name="Tests.Test3_Reviews">
        <test-method status="PASS" signature="Hotel_Reviews()[pri:0, instance:Tests.Test3_Reviews@de4f4b]" name="Hotel_Reviews" duration-ms="45410" started-at="2014-09-24T15:01:28Z" finished-at="2014-09-24T15:02:13Z">
          <reporter-output>
            <line>
              <![CDATA[Test3_Hotel_Reviews success]]>
            </line>
          </reporter-output>
        </test-method> <!-- Hotel_Reviews -->
      </class> <!-- Tests.Test3_Reviews -->
      <class name="Tests.Test5_Verify_Collection_links">
        <test-method status="PASS" signature="Collections()[pri:0, instance:Tests.Test5_Verify_Collection_links@1af5350]" name="Collections" duration-ms="146342" started-at="2014-09-24T15:02:29Z" finished-at="2014-09-24T15:04:55Z">
          <reporter-output>
            <line>
              <![CDATA[Test4_Collection_links success]]>
            </line>
          </reporter-output>
        </test-method> <!-- Collections -->
      </class> <!-- Tests.Test5_Verify_Collection_links -->
      <class name="Tests.Test2_Button_Check">
        <test-method status="PASS" signature="left_right_button()[pri:0, instance:Tests.Test2_Button_Check@12471dc]" name="left_right_button" duration-ms="26210" started-at="2014-09-24T15:01:01Z" finished-at="2014-09-24T15:01:28Z">
          <reporter-output>
            <line>
              <![CDATA[Test2_Button_Check Success]]>
            </line>
          </reporter-output>
        </test-method> <!-- left_right_button -->
      </class> <!-- Tests.Test2_Button_Check -->
      <class name="Tests.Test4_Flights_Currency">
        <test-method status="PASS" signature="Initialize()[pri:0, instance:Tests.Test4_Flights_Currency@e8efc5]" name="Initialize" is-config="true" duration-ms="2465" started-at="2014-09-24T15:00:40Z" finished-at="2014-09-24T15:00:43Z">
          <reporter-output>
          </reporter-output>
        </test-method> <!-- Initialize -->
        <test-method status="PASS" signature="Currency()[pri:0, instance:Tests.Test4_Flights_Currency@e8efc5]" name="Currency" duration-ms="15734" started-at="2014-09-24T15:02:13Z" finished-at="2014-09-24T15:02:29Z">
          <reporter-output>
            <line>
              <![CDATA[Test4_Flights_Currency success]]>
            </line>
          </reporter-output>
        </test-method> <!-- Currency -->
        <test-method status="PASS" signature="afterSuite()[pri:0, instance:Tests.Test4_Flights_Currency@e8efc5]" name="afterSuite" is-config="true" duration-ms="1923" started-at="2014-09-24T15:04:55Z" finished-at="2014-09-24T15:04:57Z">
          <reporter-output>
          </reporter-output>
        </test-method> <!-- afterSuite -->
      </class> <!-- Tests.Test4_Flights_Currency -->
      <class name="Tests.Test1_Signing_in">
        <test-method status="PASS" signature="URL_Opening()[pri:0, instance:Tests.Test1_Signing_in@186d315]" name="URL_Opening" duration-ms="18457" started-at="2014-09-24T15:00:43Z" finished-at="2014-09-24T15:01:01Z">
          <reporter-output>
            <line>
              <![CDATA[Test1_Signing_URL success]]>
            </line>
          </reporter-output>
        </test-method> <!-- URL_Opening -->
      </class> <!-- Tests.Test1_Signing_in -->
    </test> <!-- Cleartrip -->
  </suite> <!-- TestAll -->
</testng-results>
